<?xml version="1.0" encoding="UTF-8"?>
<testsuite xmlns:xsi="http://www.w3.org/2001/XMLSchema-instance" xsi:noNamespaceSchemaLocation="https://maven.apache.org/surefire/maven-surefire-plugin/xsd/surefire-test-report.xsd" name="com.mindlinksoft.recruitment.mychat.ConversationExporterTests" time="0.121" tests="10" errors="0" skipped="0" failures="0">
  <properties>
[...]
</properties>
  <testcase name="testExportingConversationExportsConversation2" classname="com.mindlinksoft.recruitment.mychat.ConversationExporterTests" time="0.06"/>
  <testcase name="testExportingConversationExportsConversation3" classname="com.mindlinksoft.recruitment.mychat.ConversationExporterTests" time="0.004"/>
  <testcase name="testExportingConversationExportsConversation4" classname="com.mindlinksoft.recruitment.mychat.ConversationExporterTests" time="0.005"/>
  <testcase name="testExportingConversationExportsConversation5" classname="com.mindlinksoft.recruitment.mychat.ConversationExporterTests" time="0.004"/>
  <testcase name="testKeywordFinder" classname="com.mindlinksoft.recruitment.mychat.ConversationExporterTests" time="0"/>
  <testcase name="testExportingConversationExportsConversation" classname="com.mindlinksoft.recruitment.mychat.ConversationExporterTests" time="0.004"/>
  <testcase name="testBlacklistedWordAdder" classname="com.mindlinksoft.recruitment.mychat.ConversationExporterTests" time="0"/>
  <testcase name="testBlacklistedWordCheck" classname="com.mindlinksoft.recruitment.mychat.ConversationExporterTests" time="0"/>
  <testcase name="testPunctuationAdder" classname="com.mindlinksoft.recruitment.mychat.ConversationExporterTests" time="0"/>
  <testcase name="testPunctuationIndex" classname="com.mindlinksoft.recruitment.mychat.ConversationExporterTests" time="0"/>
</testsuite>